<?xml version="1.0" encoding="UTF-8"?>
<testsuite name="ru.netology.service.CashbackHackServiceTest" tests="5" skipped="0" failures="0" errors="0" timestamp="2020-06-14T18:45:09" hostname="Mac-mini-Serbina.local" time="0.071">
  <properties/>
  <testcase name="amountNotEqualsZero(int, int)[1]" classname="ru.netology.service.CashbackHackServiceTest" time="0.044"/>
  <testcase name="amountNotEqualsZero(int, int)[2]" classname="ru.netology.service.CashbackHackServiceTest" time="0.003"/>
  <testcase name="amountNotEqualsZero(int, int)[3]" classname="ru.netology.service.CashbackHackServiceTest" time="0.002"/>
  <testcase name="amountNotEqualsZero(int, int)[4]" classname="ru.netology.service.CashbackHackServiceTest" time="0.004"/>
  <testcase name="amountNotEqualsZero(int, int)[5]" classname="ru.netology.service.CashbackHackServiceTest" time="0.002"/>
  <system-out><![CDATA[]]></system-out>
  <system-err><![CDATA[]]></system-err>
</testsuite>
