<?xml version="1.0" encoding="UTF-8"?>
<testsuite name="ru.netology.service.CashbackHackServiceTest" tests="3" skipped="0" failures="0" errors="0" timestamp="2020-06-13T21:51:26" hostname="Mac-mini-Serbina.local" time="0.047">
  <properties/>
  <testcase name="amountEquals1000()" classname="ru.netology.service.CashbackHackServiceTest" time="0.03"/>
  <testcase name="amountMoreThen1000()" classname="ru.netology.service.CashbackHackServiceTest" time="0.008"/>
  <testcase name="amountLessThen1000()" classname="ru.netology.service.CashbackHackServiceTest" time="0.003"/>
  <system-out><![CDATA[]]></system-out>
  <system-err><![CDATA[]]></system-err>
</testsuite>
